[debug] [2017-07-06T12:43:29.637Z] ----------------------------------------------------------------------
[debug] [2017-07-06T12:43:29.640Z] Command:      /usr/local/bin/node /usr/local/bin/firebase deploy
[debug] [2017-07-06T12:43:29.640Z] CLI Version:  3.9.1
[debug] [2017-07-06T12:43:29.640Z] Platform:     darwin
[debug] [2017-07-06T12:43:29.640Z] Node Version: v6.10.3
[debug] [2017-07-06T12:43:29.641Z] Time:         Thu Jul 06 2017 09:43:29 GMT-0300 (-03)
[debug] [2017-07-06T12:43:29.641Z] ----------------------------------------------------------------------
[debug] 
[debug] [2017-07-06T12:43:29.652Z] > command requires scopes: ["email","openid","https://www.googleapis.com/auth/cloudplatformprojects.readonly","https://www.googleapis.com/auth/firebase","https://www.googleapis.com/auth/cloud-platform"]
[debug] [2017-07-06T12:43:29.652Z] > authorizing via signed-in user
[debug] [2017-07-06T12:43:29.655Z] >>> HTTP REQUEST GET https://admin.firebase.com/v1/projects/contabilidad-peraza  
 Thu Jul 06 2017 09:43:29 GMT-0300 (-03)
[debug] [2017-07-06T12:43:30.738Z] <<< HTTP RESPONSE 200
[debug] [2017-07-06T12:43:30.740Z] >>> HTTP REQUEST GET https://admin.firebase.com/v1/database/contabilidad-peraza/tokens  
 Thu Jul 06 2017 09:43:30 GMT-0300 (-03)
[debug] [2017-07-06T12:43:31.622Z] <<< HTTP RESPONSE 200
[info] 
[info] === Deploying to 'contabilidad-peraza'...
[info] 
[info] i  deploying database, functions, hosting
[info] ✔  database: rules ready to deploy.
[debug] [2017-07-06T12:43:33.900Z] > [functions] package.json contents: {
  "name": "functions",
  "description": "Cloud Functions for Firebase",
  "dependencies": {
    "firebase-admin": "~4.2.1",
    "firebase-functions": "^0.5.7",
    "request": "^2.81.0"
  },
  "devDependencies": {
    "chai": "^3.5.0",
    "chai-as-promised": "^6.0.0",
    "mocha": "^3.2.0",
    "sinon": "^1.17.7"
  },
  "scripts": {
    "test": "./node_modules/.bin/mocha --reporter spec"
  }
}
[info] i  functions: ensuring necessary APIs are enabled...
[info] i  runtimeconfig: ensuring necessary APIs are enabled...
[debug] [2017-07-06T12:43:33.901Z] >>> HTTP REQUEST GET https://servicemanagement.googleapis.com/v1/services/cloudfunctions.googleapis.com/projectSettings/contabilidad-peraza?view=CONSUMER_VIEW  
 Thu Jul 06 2017 09:43:33 GMT-0300 (-03)
[debug] [2017-07-06T12:43:33.901Z] >>> HTTP REQUEST GET https://servicemanagement.googleapis.com/v1/services/runtimeconfig.googleapis.com/projectSettings/contabilidad-peraza?view=CONSUMER_VIEW  
 Thu Jul 06 2017 09:43:33 GMT-0300 (-03)
[debug] [2017-07-06T12:43:34.873Z] <<< HTTP RESPONSE 200
[info] ✔  functions: all necessary APIs are enabled
[debug] [2017-07-06T12:43:35.550Z] <<< HTTP RESPONSE 200
[info] ✔  runtimeconfig: all necessary APIs are enabled
[debug] [2017-07-06T12:43:35.552Z] >>> HTTP REQUEST GET https://appengine.googleapis.com/v1/apps/contabilidad-peraza  
 Thu Jul 06 2017 09:43:35 GMT-0300 (-03)
[debug] [2017-07-06T12:43:35.552Z] >>> HTTP REQUEST GET https://apikeys.googleapis.com/v1/projects/contabilidad-peraza/apiKeys  
 Thu Jul 06 2017 09:43:35 GMT-0300 (-03)
[debug] [2017-07-06T12:43:36.670Z] <<< HTTP RESPONSE 200
[debug] [2017-07-06T12:43:36.894Z] <<< HTTP RESPONSE 200
[info] i  functions: preparing functions directory for uploading...
[debug] [2017-07-06T12:43:37.504Z] >>> HTTP REQUEST GET https://runtimeconfig.googleapis.com/v1beta1/projects/contabilidad-peraza/configs  
 Thu Jul 06 2017 09:43:37 GMT-0300 (-03)
[debug] [2017-07-06T12:43:38.514Z] <<< HTTP RESPONSE 200
[info] i  functions: packaged functions (2.83 KB) for uploading
[debug] [2017-07-06T12:43:39.317Z] >>> HTTP REQUEST GET https://www.googleapis.com/storage/v1/b/staging.contabilidad-peraza.appspot.com  
 Thu Jul 06 2017 09:43:39 GMT-0300 (-03)
[debug] [2017-07-06T12:43:40.470Z] <<< HTTP RESPONSE 200
[debug] [2017-07-06T12:43:40.472Z] >>> HTTP REQUEST POST https://www.googleapis.com/upload/storage/v1/b/staging.contabilidad-peraza.appspot.com/o?uploadType=media&name=firebase-functions-source ReadStream {
  _readableState: 
   ReadableState {
     objectMode: false,
     highWaterMark: 65536,
     buffer: BufferList { head: [Object], tail: [Object], length: 1 },
     length: 2895,
     pipes: null,
     pipesCount: 0,
     flowing: null,
     ended: true,
     endEmitted: false,
     reading: false,
     sync: false,
     needReadable: false,
     emittedReadable: true,
     readableListening: false,
     resumeScheduled: false,
     defaultEncoding: 'utf8',
     ranOut: false,
     awaitDrain: 0,
     readingMore: false,
     decoder: null,
     encoding: null },
  readable: true,
  domain: null,
  _events: { end: [Function] },
  _eventsCount: 1,
  _maxListeners: undefined,
  path: '/var/folders/f3/f84x0w8s44dcrk_tk579_rjw0000gn/T/firebase-functions-894456mA0ii0LF5JG.zip',
  fd: 18,
  flags: 'r',
  mode: 438,
  start: undefined,
  end: undefined,
  autoClose: true,
  pos: undefined,
  bytesRead: 2895 } 
 Thu Jul 06 2017 09:43:40 GMT-0300 (-03)
[debug] [2017-07-06T12:43:42.075Z] <<< HTTP RESPONSE 200
[info] ✔  functions: functions folder uploaded successfully
[info] i  hosting: preparing public directory for upload...
[debug] [2017-07-06T12:43:43.511Z] >>> HTTP REQUEST PUT https://deploy.firebase.com/v1/hosting/contabilidad-peraza/uploads/-KoMvKVbZExX-mzKksPC?fileCount=327&message=  
 Thu Jul 06 2017 09:43:43 GMT-0300 (-03)
[debug] [2017-07-06T12:44:18.199Z] <<< HTTP RESPONSE 200
[debug] [2017-07-06T12:44:18.203Z] [hosting] .tgz uploaded successfully, waiting for extraction
[info] ✔  hosting: 327 files uploaded successfully
[info] i  starting release process (may take several minutes)...
[debug] [2017-07-06T12:44:28.804Z] >>> HTTP REQUEST GET https://cloudfunctions.googleapis.com/v1beta2/projects/contabilidad-peraza/locations/us-central1/functions  
 Thu Jul 06 2017 09:44:28 GMT-0300 (-03)
[debug] [2017-07-06T12:44:30.946Z] <<< HTTP RESPONSE 200
[info] i  functions: updating function addMessage...
[debug] [2017-07-06T12:44:30.952Z] Trigger is: 
[info] i  functions: updating function process...
[debug] [2017-07-06T12:44:30.953Z] Trigger is: 
[debug] [2017-07-06T12:44:30.953Z] >>> HTTP REQUEST PUT https://cloudfunctions.googleapis.com/v1beta2/projects/contabilidad-peraza/locations/us-central1/functions/addMessage { sourceArchiveUrl: 'gs://staging.contabilidad-peraza.appspot.com/firebase-functions-source',
  name: 'projects/contabilidad-peraza/locations/us-central1/functions/addMessage',
  entryPoint: 'addMessage',
  timeout: '60s',
  availableMemoryMb: 256,
  httpsTrigger: {} } 
 Thu Jul 06 2017 09:44:30 GMT-0300 (-03)
[debug] [2017-07-06T12:44:30.956Z] >>> HTTP REQUEST PUT https://cloudfunctions.googleapis.com/v1beta2/projects/contabilidad-peraza/locations/us-central1/functions/process { sourceArchiveUrl: 'gs://staging.contabilidad-peraza.appspot.com/firebase-functions-source',
  name: 'projects/contabilidad-peraza/locations/us-central1/functions/process',
  entryPoint: 'process',
  timeout: '60s',
  availableMemoryMb: 256,
  eventTrigger: 
   { resource: 'projects/_/instances/contabilidad-peraza/refs/users/expensesqueue',
     eventType: 'providers/google.firebase.database/eventTypes/ref.write' } } 
 Thu Jul 06 2017 09:44:30 GMT-0300 (-03)
[debug] [2017-07-06T12:44:32.550Z] <<< HTTP RESPONSE 200
[debug] [2017-07-06T12:44:32.578Z] <<< HTTP RESPONSE 200
[debug] [2017-07-06T12:44:32.580Z] >>> HTTP REQUEST GET https://cloudfunctions.googleapis.com/v1beta2/projects/contabilidad-peraza/locations/us-central1/functions  
 Thu Jul 06 2017 09:44:32 GMT-0300 (-03)
[debug] [2017-07-06T12:44:32.581Z] >>> HTTP REQUEST GET https://cloudfunctions.googleapis.com/v1beta2/operations/Y29udGFiaWxpZGFkLXBlcmF6YS91cy1jZW50cmFsMS9hZGRNZXNzYWdlL2h4VW9fWTdJWFlJ  
 Thu Jul 06 2017 09:44:32 GMT-0300 (-03)
[debug] [2017-07-06T12:44:32.581Z] >>> HTTP REQUEST GET https://cloudfunctions.googleapis.com/v1beta2/operations/Y29udGFiaWxpZGFkLXBlcmF6YS91cy1jZW50cmFsMS9wcm9jZXNzL1psVHJrS0lmVGlN  
 Thu Jul 06 2017 09:44:32 GMT-0300 (-03)
[debug] [2017-07-06T12:44:34.118Z] <<< HTTP RESPONSE 200
[debug] [2017-07-06T12:44:34.155Z] <<< HTTP RESPONSE 200
[debug] [2017-07-06T12:44:34.156Z] [functions] operation poll: addMessage: update operations/Y29udGFiaWxpZGFkLXBlcmF6YS91cy1jZW50cmFsMS9hZGRNZXNzYWdlL2h4VW9fWTdJWFlJ is not done.
[debug] [2017-07-06T12:44:34.156Z] [functions] operation poll: process: update operations/Y29udGFiaWxpZGFkLXBlcmF6YS91cy1jZW50cmFsMS9wcm9jZXNzL1psVHJrS0lmVGlN is not done.
[debug] [2017-07-06T12:44:34.202Z] <<< HTTP RESPONSE 200
[debug] [2017-07-06T12:44:39.157Z] >>> HTTP REQUEST GET https://cloudfunctions.googleapis.com/v1beta2/operations/Y29udGFiaWxpZGFkLXBlcmF6YS91cy1jZW50cmFsMS9hZGRNZXNzYWdlL2h4VW9fWTdJWFlJ  
 Thu Jul 06 2017 09:44:39 GMT-0300 (-03)
[debug] [2017-07-06T12:44:39.159Z] >>> HTTP REQUEST GET https://cloudfunctions.googleapis.com/v1beta2/operations/Y29udGFiaWxpZGFkLXBlcmF6YS91cy1jZW50cmFsMS9wcm9jZXNzL1psVHJrS0lmVGlN  
 Thu Jul 06 2017 09:44:39 GMT-0300 (-03)
